[debug] [2020-11-18T22:22:36.938Z] ----------------------------------------------------------------------
[debug] [2020-11-18T22:22:36.940Z] Command:       C:\Program Files\nodejs\node.exe C:\Users\wpeng\AppData\Roaming\npm\node_modules\firebase-tools\lib\bin\firebase.js emulators:start
[debug] [2020-11-18T22:22:36.941Z] CLI Version:   8.16.2
[debug] [2020-11-18T22:22:36.941Z] Platform:      win32
[debug] [2020-11-18T22:22:36.941Z] Node Version:  v12.18.2
[debug] [2020-11-18T22:22:36.942Z] Time:          Wed Nov 18 2020 17:22:36 GMT-0500 (Eastern Standard Time)
[debug] [2020-11-18T22:22:36.942Z] ----------------------------------------------------------------------
[debug] [2020-11-18T22:22:36.942Z] 
[debug] [2020-11-18T22:22:36.949Z] > command requires scopes: ["email","openid","https://www.googleapis.com/auth/cloudplatformprojects.readonly","https://www.googleapis.com/auth/firebase","https://www.googleapis.com/auth/cloud-platform"]
[debug] [2020-11-18T22:22:36.949Z] > authorizing via signed-in user
[info] i  emulators: Starting emulators: auth, firestore {"metadata":{"emulator":{"name":"hub"},"message":"Starting emulators: auth, firestore"}}
[debug] [2020-11-18T22:22:39.021Z] [hub] writing locator at C:\Users\wpeng\AppData\Local\Temp\hub-admin-portal-firebase.json
[warn] !  firestore: Did not find a Cloud Firestore rules file specified in a firebase.json config file. {"metadata":{"emulator":{"name":"firestore"},"message":"Did not find a Cloud Firestore rules file specified in a firebase.json config file."}}
[warn] !  firestore: The emulator will default to allowing all reads and writes. Learn more about this option: https://firebase.google.com/docs/emulator-suite/install_and_configure#security_rules_configuration. {"metadata":{"emulator":{"name":"firestore"},"message":"The emulator will default to allowing all reads and writes. Learn more about this option: https://firebase.google.com/docs/emulator-suite/install_and_configure#security_rules_configuration."}}
[debug] [2020-11-18T22:22:41.077Z] Ignoring unsupported arg: projectId {"metadata":{"emulator":{"name":"firestore"},"message":"Ignoring unsupported arg: projectId"}}
[debug] [2020-11-18T22:22:41.078Z] Ignoring unsupported arg: auto_download {"metadata":{"emulator":{"name":"firestore"},"message":"Ignoring unsupported arg: auto_download"}}
[debug] [2020-11-18T22:22:41.078Z] Starting Firestore Emulator with command {"binary":"java","args":["-Duser.language=en","-jar","C:\\Users\\wpeng\\.cache\\firebase\\emulators\\cloud-firestore-emulator-v1.11.9.jar","--host","localhost","--port",8080],"optionalArgs":["port","webchannel_port","host","rules","functions_emulator","seed_from_export"],"joinArgs":false} {"metadata":{"emulator":{"name":"firestore"},"message":"Starting Firestore Emulator with command {\"binary\":\"java\",\"args\":[\"-Duser.language=en\",\"-jar\",\"C:\\\\Users\\\\wpeng\\\\.cache\\\\firebase\\\\emulators\\\\cloud-firestore-emulator-v1.11.9.jar\",\"--host\",\"localhost\",\"--port\",8080],\"optionalArgs\":[\"port\",\"webchannel_port\",\"host\",\"rules\",\"functions_emulator\",\"seed_from_export\"],\"joinArgs\":false}"}}
[info] i  firestore: Firestore Emulator logging to firestore-debug.log {"metadata":{"emulator":{"name":"firestore"},"message":"Firestore Emulator logging to \u001b[1mfirestore-debug.log\u001b[22m"}}
[debug] [2020-11-18T22:22:42.869Z] API endpoint: http://localhost:8080
 {"metadata":{"emulator":{"name":"firestore"},"message":"API endpoint: http://localhost:8080\n"}}
[debug] [2020-11-18T22:22:42.869Z] If you are using a library that supports the FIRESTORE_EMULATOR_HOST environment variable, run:

   export FIRESTORE_EMULATOR_HOST=localhost:8080

Dev App Server is now running.

 {"metadata":{"emulator":{"name":"firestore"},"message":"If you are using a library that supports the FIRESTORE_EMULATOR_HOST environment variable, run:\r\n\n   export FIRESTORE_EMULATOR_HOST=localhost:8080\n\nDev App Server is now running.\n\r\n"}}
[info] 
┌──────────────────────────────────────────────────────────────┐
│ ✔  All emulators ready! It is now safe to connect your apps. │
└──────────────────────────────────────────────────────────────┘

┌────────────────┬────────────────┐
│ Emulator       │ Host:Port      │
├────────────────┼────────────────┤
│ Authentication │ localhost:9099 │
├────────────────┼────────────────┤
│ Firestore      │ localhost:8080 │
└────────────────┴────────────────┘
  Other reserved ports: 4400

Issues? Report them at https://github.com/firebase/firebase-tools/issues and attach the *-debug.log files.
 
